0 info it worked if it ends with ok
1 verbose cli [ 'C:\\Program Files\\nodejs\\node.exe',
1 verbose cli   'C:\\Users\\User\\AppData\\Roaming\\npm\\node_modules\\npm\\bin\\npm-cli.js',
1 verbose cli   'publish' ]
2 info using npm@3.10.7
3 info using node@v6.4.0
4 verbose publish [ '.' ]
5 silly cache add args [ '.', null ]
6 verbose cache add spec .
7 silly cache add parsed spec Result {
7 silly cache add   raw: '.',
7 silly cache add   scope: null,
7 silly cache add   escapedName: null,
7 silly cache add   name: null,
7 silly cache add   rawSpec: '.',
7 silly cache add   spec: 'C:\\Users\\User\\Desktop\\FormulaParser',
7 silly cache add   type: 'directory' }
8 verbose addLocalDirectory C:\Users\User\AppData\Roaming\npm-cache\formula-parser\2.0.0\package.tgz not in flight; packing
9 verbose correctMkdir C:\Users\User\AppData\Roaming\npm-cache correctMkdir not in flight; initializing
10 info lifecycle formula-parser@2.0.0~prepublish: formula-parser@2.0.0
11 silly lifecycle formula-parser@2.0.0~prepublish: no script for prepublish, continuing
12 verbose tar pack [ 'C:\\Users\\User\\AppData\\Roaming\\npm-cache\\formula-parser\\2.0.0\\package.tgz',
12 verbose tar pack   'C:\\Users\\User\\Desktop\\FormulaParser' ]
13 verbose tarball C:\Users\User\AppData\Roaming\npm-cache\formula-parser\2.0.0\package.tgz
14 verbose folder C:\Users\User\Desktop\FormulaParser
15 verbose addLocalTarball adding from inside cache C:\Users\User\AppData\Roaming\npm-cache\formula-parser\2.0.0\package.tgz
16 verbose correctMkdir C:\Users\User\AppData\Roaming\npm-cache correctMkdir not in flight; initializing
17 silly cache afterAdd formula-parser@2.0.0
18 verbose afterAdd C:\Users\User\AppData\Roaming\npm-cache\formula-parser\2.0.0\package\package.json not in flight; writing
19 verbose correctMkdir C:\Users\User\AppData\Roaming\npm-cache correctMkdir not in flight; initializing
20 verbose afterAdd C:\Users\User\AppData\Roaming\npm-cache\formula-parser\2.0.0\package\package.json written
21 silly publish { name: 'formula-parser',
21 silly publish   version: '2.0.0',
21 silly publish   description: 'Formula expression parser and validation library.',
21 silly publish   main: 'index.html',
21 silly publish   scripts: { test: 'grunt test' },
21 silly publish   repository:
21 silly publish    { type: 'git',
21 silly publish      url: 'git+https://github.com/KennethanCeyer/FormulaParser.git' },
21 silly publish   keywords: [ 'Formula', 'Parser', 'VanilaJS', 'FormulaBuilder', 'Validator' ],
21 silly publish   author: { name: 'PIGNOSE' },
21 silly publish   license: 'MIT',
21 silly publish   bugs: { url: 'https://github.com/KennethanCeyer/FormulaParser/issues' },
21 silly publish   homepage: 'https://github.com/KennethanCeyer/FormulaParser#readme',
21 silly publish   devDependencies:
21 silly publish    { grunt: '^1.0.1',
21 silly publish      'grunt-cli': '^1.2.0',
21 silly publish      'grunt-contrib-csslint': '^2.0.0',
21 silly publish      'grunt-contrib-cssmin': '^1.0.2',
21 silly publish      'grunt-contrib-jshint': '^1.0.0',
21 silly publish      'grunt-contrib-uglify': '^2.0.0' },
21 silly publish   readme: '# FormulaParser\r\n\r\n**Formula Parser** can helps you make object of the formulas by parsing.\r\n\r\nThis plugin provides validtor, parser and unparser.\r\n\r\nAnd this feature can be executed on the old browser version like IE 7 or higher version. (Chrome, Firefox also can be used)\r\n\r\nAnd the plugin be made by vanila js (pure javascript).\r\n\r\n----\r\n\r\n> This plugin is related with [Formula plugin](https://github.com/KennethanCeyer/Formula).\r\n\r\n----\r\n\r\n### Exsamples\r\n\r\n[See demo](http://www.pigno.se/barn/PIGNOSE-FormulaParser/)\r\n\r\n![Screen Shot](http://www.nhpcw.com/upload/2016-11-10%2B16%253B33%253B23_0_111016043349.png)\r\n\r\n----\r\n\r\n### Next update logs\r\n\r\nAdvanced expression like `IF()`, `SUM()`, `AVG()`, `_CUSTOM_NAMED_FUNC_()` is in plan for next update.\r\n\r\nIf you want join the contribution, Fork it and send a pull request.\r\n\r\n----\r\n\r\n### Installation\r\n\r\n#### Zip file download\r\n\r\n[Latest zip file link](https://github.com/KennethanCeyer/FormulaParser/archive/master.zip)\r\n\r\n#### Git\r\n\r\n```bash\r\ngit clone git@github.com:KennethanCeyer/FormulaParser.git\r\n```\r\n\r\n#### Bower\r\n\r\n```bash\r\nbower install formula-parser\r\n```\r\n\r\n#### NPM\r\n\r\n```bash\r\nnpm install formula-parser\r\n```\r\n\r\n----\r\n\r\nDo you have any question?\r\n\r\nI\'d like to help your issue.\r\n\r\nPlease contact to me to use either [gitter](https://gitter.im/KennethanCeyer/PIGNOSE) or [GitHub issues page](https://github.com/KennethanCeyer/FormulaParser/issues)\r\n',
21 silly publish   readmeFilename: 'README.md',
21 silly publish   gitHead: '266f41c0760155f54020d64cf6138937a616e301',
21 silly publish   _id: 'formula-parser@2.0.0',
21 silly publish   _shasum: '5d407cbcfc29bc91beb11efacc9f481e7b007c4d',
21 silly publish   _from: '.' }
22 verbose getPublishConfig undefined
23 silly mapToRegistry name formula-parser
24 silly mapToRegistry using default registry
25 silly mapToRegistry registry https://registry.npmjs.org/
26 silly mapToRegistry data Result {
26 silly mapToRegistry   raw: 'formula-parser',
26 silly mapToRegistry   scope: null,
26 silly mapToRegistry   escapedName: 'formula-parser',
26 silly mapToRegistry   name: 'formula-parser',
26 silly mapToRegistry   rawSpec: '',
26 silly mapToRegistry   spec: 'latest',
26 silly mapToRegistry   type: 'tag' }
27 silly mapToRegistry uri https://registry.npmjs.org/formula-parser
28 verbose publish registryBase https://registry.npmjs.org/
29 silly publish uploading C:\Users\User\AppData\Roaming\npm-cache\formula-parser\2.0.0\package.tgz
30 verbose request uri https://registry.npmjs.org/formula-parser
31 verbose request sending authorization for write operation
32 info attempt registry request try #1 at 16:47:26
33 verbose request using bearer token for auth
34 verbose request id affa22343895ef85
35 http request PUT https://registry.npmjs.org/formula-parser
36 http 403 https://registry.npmjs.org/formula-parser
37 verbose headers { 'content-type': 'application/json',
37 verbose headers   'cache-control': 'max-age=300',
37 verbose headers   'content-length': '108',
37 verbose headers   'accept-ranges': 'bytes',
37 verbose headers   date: 'Thu, 10 Nov 2016 07:47:27 GMT',
37 verbose headers   via: '1.1 varnish',
37 verbose headers   connection: 'keep-alive',
37 verbose headers   'x-served-by': 'cache-nrt6135-NRT',
37 verbose headers   'x-cache': 'MISS',
37 verbose headers   'x-cache-hits': '0',
37 verbose headers   'x-timer': 'S1478764046.404130,VS0,VE1201',
37 verbose headers   vary: 'Accept-Encoding' }
38 verbose request invalidating C:\Users\User\AppData\Roaming\npm-cache\registry.npmjs.org\formula-parser on PUT
39 error publish Failed PUT 403
40 verbose stack Error: you do not have permission to publish "formula-parser". Are you logged in as the correct user? : formula-parser
40 verbose stack     at makeError (C:\Users\User\AppData\Roaming\npm\node_modules\npm\node_modules\npm-registry-client\lib\request.js:264:12)
40 verbose stack     at CachingRegistryClient.<anonymous> (C:\Users\User\AppData\Roaming\npm\node_modules\npm\node_modules\npm-registry-client\lib\request.js:252:14)
40 verbose stack     at Request._callback (C:\Users\User\AppData\Roaming\npm\node_modules\npm\node_modules\npm-registry-client\lib\request.js:172:14)
40 verbose stack     at Request.self.callback (C:\Users\User\AppData\Roaming\npm\node_modules\npm\node_modules\request\request.js:187:22)
40 verbose stack     at emitTwo (events.js:106:13)
40 verbose stack     at Request.emit (events.js:191:7)
40 verbose stack     at Request.<anonymous> (C:\Users\User\AppData\Roaming\npm\node_modules\npm\node_modules\request\request.js:1044:10)
40 verbose stack     at emitOne (events.js:96:13)
40 verbose stack     at Request.emit (events.js:188:7)
40 verbose stack     at IncomingMessage.<anonymous> (C:\Users\User\AppData\Roaming\npm\node_modules\npm\node_modules\request\request.js:965:12)
41 verbose statusCode 403
42 verbose pkgid formula-parser
43 verbose cwd C:\Users\User\Desktop\FormulaParser
44 error Windows_NT 10.0.14393
45 error argv "C:\\Program Files\\nodejs\\node.exe" "C:\\Users\\User\\AppData\\Roaming\\npm\\node_modules\\npm\\bin\\npm-cli.js" "publish"
46 error node v6.4.0
47 error npm  v3.10.7
48 error code E403
49 error you do not have permission to publish "formula-parser". Are you logged in as the correct user? : formula-parser
50 error If you need help, you may report this error at:
50 error     <https://github.com/npm/npm/issues>
51 verbose exit [ 1, true ]
